<?xml version="1.0" encoding="UTF-8"?>
<!-- Generated by org.testng.reporters.JUnitReportReporter -->
<testsuite skipped="0" hostname="HW1379" name="MyRunner.TestRunner" tests="1" failures="0" timestamp="26 Feb 2020 12:48:06 GMT" time="143.915" errors="0">
  <testcase name="feature" time="143.915" classname="MyRunner.TestRunner"/>
</testsuite> <!-- MyRunner.TestRunner -->
